<?xml version="1.0" encoding="UTF-8"?>
<testsuite name="equation.QuadraticVarExpressionTest" tests="1" skipped="0" failures="0" errors="0" timestamp="2022-12-21T18:07:42" hostname="daniel-MS-7B48" time="0.022">
  <properties/>
  <testcase name="testSimple()" classname="equation.QuadraticVarExpressionTest" time="0.022"/>
  <system-out><![CDATA[]]></system-out>
  <system-err><![CDATA[]]></system-err>
</testsuite>
