<?xml version="1.0" encoding="UTF-8"?>
<testsuite name="equation.QuadraticVarExpressionTest" tests="1" skipped="0" failures="0" errors="0" timestamp="2022-12-25T17:19:46" hostname="SURFACE-DANIEL" time="0.042">
  <properties/>
  <testcase name="testSimple()" classname="equation.QuadraticVarExpressionTest" time="0.042"/>
  <system-out><![CDATA[]]></system-out>
  <system-err><![CDATA[]]></system-err>
</testsuite>
